2023-12-26T12:39:55+00:00 CRITICAL Uncaught Error: Call to undefined method ElementorPro\License\Admin::register_actions() in C:\xampp\htdocs\site3\wp-content\plugins\elementor-pro\plugin.php:500
Stack trace:
#0 C:\xampp\htdocs\site3\wp-content\plugins\elementor-pro\plugin.php(133): ElementorPro\Plugin->__construct()
#1 C:\xampp\htdocs\site3\wp-content\plugins\elementor-pro\plugin.php(525): ElementorPro\Plugin::instance()
#2 C:\xampp\htdocs\site3\wp-content\plugins\elementor-pro\elementor-pro.php(58): require('C:\\xampp\\htdocs...')
#3 C:\xampp\htdocs\site3\wp-includes\class-wp-hook.php(324): elementor_pro_load_plugin('')
#4 C:\xampp\htdocs\site3\wp-includes\class-wp-hook.php(348): WP_Hook->apply_filters(NULL, Array)
#5 C:\xampp\htdocs\site3\wp-includes\plugin.php(517): WP_Hook->do_action(Array)
#6 C:\xampp\htdocs\site3\wp-settings.php(506): do_action('plugins_loaded')
#7 C:\xampp\htdocs\site3\wp-config.php(96): require_once('C:\\xampp\\htdocs...')
#8 C:\xampp\htdocs\site3\wp-load.php(50): require_once('C:\\xampp\\htdocs...')
#9 C:\xampp\htdocs\site3\wp-admin\admin-ajax.php(22): require_once('C:\\xampp\\htdocs...')
#10 {main}
  thrown in C:\xampp\htdocs\site3\wp-content\plugins\elementor-pro\plugin.php on line 500

2023-12-26T13:04:23+00:00 CRITICAL Uncaught Error: Call to undefined function astra_wp_version_compare() in C:\xampp\htdocs\site3\wp-content\themes\astra\inc\class-astra-global-palette.php:38
Stack trace:
#0 C:\xampp\htdocs\site3\wp-content\themes\astra\inc\class-astra-global-palette.php(254): Astra_Global_Palette->__construct()
#1 C:\xampp\htdocs\site3\wp-content\themes\astra\functions.php(68): require_once('C:\\xampp\\htdocs...')
#2 C:\xampp\htdocs\site3\wp-settings.php(611): include('C:\\xampp\\htdocs...')
#3 C:\xampp\htdocs\site3\wp-config.php(96): require_once('C:\\xampp\\htdocs...')
#4 C:\xampp\htdocs\site3\wp-load.php(50): require_once('C:\\xampp\\htdocs...')
#5 C:\xampp\htdocs\site3\wp-admin\admin-ajax.php(22): require_once('C:\\xampp\\htdocs...')
#6 {main}
  thrown in C:\xampp\htdocs\site3\wp-content\themes\astra\inc\class-astra-global-palette.php on line 38

